Determining if the pthread_create exist failed with the following output:
Change Dir: /home/dan/git/Turtlebot_Warehouse/control_Dan/build/CMakeFiles/CMakeTmp

Run Build Command:"/usr/bin/make" "cmTC_3c321/fast"
/usr/bin/make -f CMakeFiles/cmTC_3c321.dir/build.make CMakeFiles/cmTC_3c321.dir/build
make[1]: Entering directory '/home/dan/git/Turtlebot_Warehouse/control_Dan/build/CMakeFiles/CMakeTmp'
Building C object CMakeFiles/cmTC_3c321.dir/CheckSymbolExists.c.o
/usr/bin/cc    -o CMakeFiles/cmTC_3c321.dir/CheckSymbolExists.c.o   -c /home/dan/git/Turtlebot_Warehouse/control_Dan/build/CMakeFiles/CMakeTmp/CheckSymbolExists.c
Linking C executable cmTC_3c321
/usr/bin/cmake -E cmake_link_script CMakeFiles/cmTC_3c321.dir/link.txt --verbose=1
/usr/bin/cc      -rdynamic CMakeFiles/cmTC_3c321.dir/CheckSymbolExists.c.o  -o cmTC_3c321 
CMakeFiles/cmTC_3c321.dir/CheckSymbolExists.c.o: In function `main':
CheckSymbolExists.c:(.text+0x1b): undefined reference to `pthread_create'
collect2: error: ld returned 1 exit status
CMakeFiles/cmTC_3c321.dir/build.make:97: recipe for target 'cmTC_3c321' failed
make[1]: *** [cmTC_3c321] Error 1
make[1]: Leaving directory '/home/dan/git/Turtlebot_Warehouse/control_Dan/build/CMakeFiles/CMakeTmp'
Makefile:126: recipe for target 'cmTC_3c321/fast' failed
make: *** [cmTC_3c321/fast] Error 2

File /home/dan/git/Turtlebot_Warehouse/control_Dan/build/CMakeFiles/CMakeTmp/CheckSymbolExists.c:
/* */
#include <pthread.h>

int main(int argc, char** argv)
{
  (void)argv;
#ifndef pthread_create
  return ((int*)(&pthread_create))[argc];
#else
  (void)argc;
  return 0;
#endif
}

Determining if the function pthread_create exists in the pthreads failed with the following output:
Change Dir: /home/dan/git/Turtlebot_Warehouse/control_Dan/build/CMakeFiles/CMakeTmp

Run Build Command:"/usr/bin/make" "cmTC_b7869/fast"
/usr/bin/make -f CMakeFiles/cmTC_b7869.dir/build.make CMakeFiles/cmTC_b7869.dir/build
make[1]: Entering directory '/home/dan/git/Turtlebot_Warehouse/control_Dan/build/CMakeFiles/CMakeTmp'
Building C object CMakeFiles/cmTC_b7869.dir/CheckFunctionExists.c.o
/usr/bin/cc   -DCHECK_FUNCTION_EXISTS=pthread_create   -o CMakeFiles/cmTC_b7869.dir/CheckFunctionExists.c.o   -c /usr/share/cmake-3.10/Modules/CheckFunctionExists.c
Linking C executable cmTC_b7869
/usr/bin/cmake -E cmake_link_script CMakeFiles/cmTC_b7869.dir/link.txt --verbose=1
/usr/bin/cc  -DCHECK_FUNCTION_EXISTS=pthread_create    -rdynamic CMakeFiles/cmTC_b7869.dir/CheckFunctionExists.c.o  -o cmTC_b7869 -lpthreads 
/usr/bin/ld: cannot find -lpthreads
collect2: error: ld returned 1 exit status
CMakeFiles/cmTC_b7869.dir/build.make:97: recipe for target 'cmTC_b7869' failed
make[1]: *** [cmTC_b7869] Error 1
make[1]: Leaving directory '/home/dan/git/Turtlebot_Warehouse/control_Dan/build/CMakeFiles/CMakeTmp'
Makefile:126: recipe for target 'cmTC_b7869/fast' failed
make: *** [cmTC_b7869/fast] Error 2


Performing C SOURCE FILE Test CMAKE_HAVE_LIBC_PTHREAD failed with the following output:
Change Dir: /home/john/Desktop/Turtlebot_Warehouse/control_Dan/build/CMakeFiles/CMakeTmp

Run Build Command(s):/usr/bin/ninja cmTC_02df9 && [1/2] Building C object CMakeFiles/cmTC_02df9.dir/src.c.o
[2/2] Linking C executable cmTC_02df9
FAILED: cmTC_02df9 
: && /usr/bin/cc -DCMAKE_HAVE_LIBC_PTHREAD  -rdynamic CMakeFiles/cmTC_02df9.dir/src.c.o  -o cmTC_02df9   && :
/usr/bin/ld: CMakeFiles/cmTC_02df9.dir/src.c.o: in function `main':
src.c:(.text+0x46): undefined reference to `pthread_create'
/usr/bin/ld: src.c:(.text+0x52): undefined reference to `pthread_detach'
/usr/bin/ld: src.c:(.text+0x63): undefined reference to `pthread_join'
collect2: error: ld returned 1 exit status
ninja: build stopped: subcommand failed.


Source file was:
#include <pthread.h>

void* test_func(void* data)
{
  return data;
}

int main(void)
{
  pthread_t thread;
  pthread_create(&thread, NULL, test_func, NULL);
  pthread_detach(thread);
  pthread_join(thread, NULL);
  pthread_atfork(NULL, NULL, NULL);
  pthread_exit(NULL);

  return 0;
}

Determining if the function pthread_create exists in the pthreads failed with the following output:
Change Dir: /home/john/Desktop/Turtlebot_Warehouse/control_Dan/build/CMakeFiles/CMakeTmp

Run Build Command(s):/usr/bin/ninja cmTC_62b05 && [1/2] Building C object CMakeFiles/cmTC_62b05.dir/CheckFunctionExists.c.o
[2/2] Linking C executable cmTC_62b05
FAILED: cmTC_62b05 
: && /usr/bin/cc -DCHECK_FUNCTION_EXISTS=pthread_create  -rdynamic CMakeFiles/cmTC_62b05.dir/CheckFunctionExists.c.o  -o cmTC_62b05  -lpthreads && :
/usr/bin/ld: cannot find -lpthreads
collect2: error: ld returned 1 exit status
ninja: build stopped: subcommand failed.



