Determining if the pthread_create exist failed with the following output:
Change Dir: /home/dan/git/Turtlebot_Warehouse/single_turtlebot_integration/build/CMakeFiles/CMakeTmp

Run Build Command:"/usr/bin/make" "cmTC_cd126/fast"
/usr/bin/make -f CMakeFiles/cmTC_cd126.dir/build.make CMakeFiles/cmTC_cd126.dir/build
make[1]: Entering directory '/home/dan/git/Turtlebot_Warehouse/single_turtlebot_integration/build/CMakeFiles/CMakeTmp'
Building C object CMakeFiles/cmTC_cd126.dir/CheckSymbolExists.c.o
/usr/bin/cc    -o CMakeFiles/cmTC_cd126.dir/CheckSymbolExists.c.o   -c /home/dan/git/Turtlebot_Warehouse/single_turtlebot_integration/build/CMakeFiles/CMakeTmp/CheckSymbolExists.c
Linking C executable cmTC_cd126
/usr/bin/cmake -E cmake_link_script CMakeFiles/cmTC_cd126.dir/link.txt --verbose=1
/usr/bin/cc      -rdynamic CMakeFiles/cmTC_cd126.dir/CheckSymbolExists.c.o  -o cmTC_cd126 
CMakeFiles/cmTC_cd126.dir/CheckSymbolExists.c.o: In function `main':
CheckSymbolExists.c:(.text+0x1b): undefined reference to `pthread_create'
collect2: error: ld returned 1 exit status
CMakeFiles/cmTC_cd126.dir/build.make:97: recipe for target 'cmTC_cd126' failed
make[1]: *** [cmTC_cd126] Error 1
make[1]: Leaving directory '/home/dan/git/Turtlebot_Warehouse/single_turtlebot_integration/build/CMakeFiles/CMakeTmp'
Makefile:126: recipe for target 'cmTC_cd126/fast' failed
make: *** [cmTC_cd126/fast] Error 2

File /home/dan/git/Turtlebot_Warehouse/single_turtlebot_integration/build/CMakeFiles/CMakeTmp/CheckSymbolExists.c:
/* */
#include <pthread.h>

int main(int argc, char** argv)
{
  (void)argv;
#ifndef pthread_create
  return ((int*)(&pthread_create))[argc];
#else
  (void)argc;
  return 0;
#endif
}

Determining if the function pthread_create exists in the pthreads failed with the following output:
Change Dir: /home/dan/git/Turtlebot_Warehouse/single_turtlebot_integration/build/CMakeFiles/CMakeTmp

Run Build Command:"/usr/bin/make" "cmTC_926dc/fast"
/usr/bin/make -f CMakeFiles/cmTC_926dc.dir/build.make CMakeFiles/cmTC_926dc.dir/build
make[1]: Entering directory '/home/dan/git/Turtlebot_Warehouse/single_turtlebot_integration/build/CMakeFiles/CMakeTmp'
Building C object CMakeFiles/cmTC_926dc.dir/CheckFunctionExists.c.o
/usr/bin/cc   -DCHECK_FUNCTION_EXISTS=pthread_create   -o CMakeFiles/cmTC_926dc.dir/CheckFunctionExists.c.o   -c /usr/share/cmake-3.10/Modules/CheckFunctionExists.c
Linking C executable cmTC_926dc
/usr/bin/cmake -E cmake_link_script CMakeFiles/cmTC_926dc.dir/link.txt --verbose=1
/usr/bin/cc  -DCHECK_FUNCTION_EXISTS=pthread_create    -rdynamic CMakeFiles/cmTC_926dc.dir/CheckFunctionExists.c.o  -o cmTC_926dc -lpthreads 
/usr/bin/ld: cannot find -lpthreads
collect2: error: ld returned 1 exit status
CMakeFiles/cmTC_926dc.dir/build.make:97: recipe for target 'cmTC_926dc' failed
make[1]: *** [cmTC_926dc] Error 1
make[1]: Leaving directory '/home/dan/git/Turtlebot_Warehouse/single_turtlebot_integration/build/CMakeFiles/CMakeTmp'
Makefile:126: recipe for target 'cmTC_926dc/fast' failed
make: *** [cmTC_926dc/fast] Error 2


